[    56.499] (--) Log file renamed from "/home/eyena/.local/share/xorg/Xorg.pid-1420.log" to "/home/eyena/.local/share/xorg/Xorg.0.log"
[    56.499] 
X.Org X Server 1.20.8
X Protocol Version 11, Revision 0
[    56.499] Build Operating System: Linux 4.4.0-184-generic x86_64 Ubuntu
[    56.499] Current Operating System: Linux eyena-Vostro-1540 5.4.0-42-generic #46-Ubuntu SMP Fri Jul 10 00:24:02 UTC 2020 x86_64
[    56.499] Kernel command line: BOOT_IMAGE=/boot/vmlinuz-5.4.0-42-generic root=UUID=538dae99-bb39-4b6c-892c-990d40da8f5e ro quiet splash vt.handoff=7
[    56.499] Build Date: 24 June 2020  06:00:21AM
[    56.499] xorg-server 2:1.20.8-2ubuntu2.2 (For technical support please see http://www.ubuntu.com/support) 
[    56.499] Current version of pixman: 0.38.4
[    56.499] 	Before reporting problems, check http://wiki.x.org
	to make sure that you have the latest version.
[    56.499] Markers: (--) probed, (**) from config file, (==) default setting,
	(++) from command line, (!!) notice, (II) informational,
	(WW) warning, (EE) error, (NI) not implemented, (??) unknown.
[    56.499] (==) Log file: "/home/eyena/.local/share/xorg/Xorg.0.log", Time: Fri Aug 27 08:34:12 2021
[    56.591] (==) Using system config directory "/usr/share/X11/xorg.conf.d"
[    56.930] (==) No Layout section.  Using the first Screen section.
[    56.930] (==) No screen section available. Using defaults.
[    56.930] (**) |-->Screen "Default Screen Section" (0)
[    56.930] (**) |   |-->Monitor "<default monitor>"
[    56.970] (==) No monitor specified for screen "Default Screen Section".
	Using a default monitor configuration.
[    56.970] (==) Automatically adding devices
[    56.970] (==) Automatically enabling devices
[    56.970] (==) Automatically adding GPU devices
[    56.970] (==) Automatically binding GPU devices
[    56.970] (==) Max clients allowed: 256, resource mask: 0x1fffff
[    57.111] (WW) The directory "/usr/share/fonts/X11/cyrillic" does not exist.
[    57.111] 	Entry deleted from font path.
[    57.111] (WW) The directory "/usr/share/fonts/X11/100dpi/" does not exist.
[    57.111] 	Entry deleted from font path.
[    57.111] (WW) The directory "/usr/share/fonts/X11/75dpi/" does not exist.
[    57.111] 	Entry deleted from font path.
[    57.111] (WW) The directory "/usr/share/fonts/X11/100dpi" does not exist.
[    57.111] 	Entry deleted from font path.
[    57.111] (WW) The directory "/usr/share/fonts/X11/75dpi" does not exist.
[    57.111] 	Entry deleted from font path.
[    57.111] (==) FontPath set to:
	/usr/share/fonts/X11/misc,
	/usr/share/fonts/X11/Type1,
	built-ins
[    57.111] (==) ModulePath set to "/usr/lib/xorg/modules"
[    57.111] (II) The server relies on udev to provide the list of input devices.
	If no devices become available, reconfigure udev or disable AutoAddDevices.
[    57.111] (II) Loader magic: 0x55cc0bb15020
[    57.111] (II) Module ABI versions:
[    57.111] 	X.Org ANSI C Emulation: 0.4
[    57.111] 	X.Org Video Driver: 24.1
[    57.111] 	X.Org XInput driver : 24.1
[    57.111] 	X.Org Server Extension : 10.0
[    57.113] (++) using VT number 2

[    57.117] (II) systemd-logind: took control of session /org/freedesktop/login1/session/_32
[    57.118] (II) xfree86: Adding drm device (/dev/dri/card0)
[    57.121] (II) systemd-logind: got fd for /dev/dri/card0 226:0 fd 12 paused 0
[    57.126] (--) PCI:*(0@0:2:0) 8086:0046:1028:0526 rev 2, Mem @ 0xfb000000/4194304, 0xc0000000/268435456, I/O @ 0x0000f080/8, BIOS @ 0x????????/131072
[    57.177] (II) LoadModule: "glx"
[    57.281] (II) Loading /usr/lib/xorg/modules/extensions/libglx.so
[    57.418] (II) Module glx: vendor="X.Org Foundation"
[    57.418] 	compiled for 1.20.8, module version = 1.0.0
[    57.418] 	ABI class: X.Org Server Extension, version 10.0
[    57.418] (==) Matched modesetting as autoconfigured driver 0
[    57.418] (==) Matched fbdev as autoconfigured driver 1
[    57.418] (==) Matched vesa as autoconfigured driver 2
[    57.418] (==) Assigned the driver to the xf86ConfigLayout
[    57.418] (II) LoadModule: "modesetting"
[    57.486] (II) Loading /usr/lib/xorg/modules/drivers/modesetting_drv.so
[    57.632] (II) Module modesetting: vendor="X.Org Foundation"
[    57.632] 	compiled for 1.20.8, module version = 1.20.8
[    57.632] 	Module class: X.Org Video Driver
[    57.632] 	ABI class: X.Org Video Driver, version 24.1
[    57.632] (II) LoadModule: "fbdev"
[    57.632] (II) Loading /usr/lib/xorg/modules/drivers/fbdev_drv.so
[    57.663] (II) Module fbdev: vendor="X.Org Foundation"
[    57.663] 	compiled for 1.20.1, module version = 0.5.0
[    57.663] 	Module class: X.Org Video Driver
[    57.663] 	ABI class: X.Org Video Driver, version 24.0
[    57.663] (II) LoadModule: "vesa"
[    57.663] (II) Loading /usr/lib/xorg/modules/drivers/vesa_drv.so
[    57.742] (II) Module vesa: vendor="X.Org Foundation"
[    57.742] 	compiled for 1.20.4, module version = 2.4.0
[    57.742] 	Module class: X.Org Video Driver
[    57.742] 	ABI class: X.Org Video Driver, version 24.0
[    57.742] (II) modesetting: Driver for Modesetting Kernel Drivers: kms
[    57.742] (II) FBDEV: driver for framebuffer: fbdev
[    57.742] (II) VESA: driver for VESA chipsets: vesa
[    57.742] xf86EnableIOPorts: failed to set IOPL for I/O (Operation not permitted)
[    57.743] (II) modeset(0): using drv /dev/dri/card0
[    57.743] (WW) Falling back to old probe method for fbdev
[    57.743] (II) Loading sub module "fbdevhw"
[    57.743] (II) LoadModule: "fbdevhw"
[    57.743] (II) Loading /usr/lib/xorg/modules/libfbdevhw.so
[    57.758] (II) Module fbdevhw: vendor="X.Org Foundation"
[    57.758] 	compiled for 1.20.8, module version = 0.0.2
[    57.758] 	ABI class: X.Org Video Driver, version 24.1
[    57.758] (EE) open /dev/fb0: Permission denied
[    57.758] (WW) VGA arbiter: cannot open kernel arbiter, no multi-card support
[    57.758] (II) modeset(0): Creating default Display subsection in Screen section
	"Default Screen Section" for depth/fbbpp 24/32
[    57.758] (==) modeset(0): Depth 24, (==) framebuffer bpp 32
[    57.758] (==) modeset(0): RGB weight 888
[    57.758] (==) modeset(0): Default visual is TrueColor
[    57.758] (II) Loading sub module "glamoregl"
[    57.758] (II) LoadModule: "glamoregl"
[    57.758] (II) Loading /usr/lib/xorg/modules/libglamoregl.so
[    57.764] (II) Module glamoregl: vendor="X.Org Foundation"
[    57.764] 	compiled for 1.20.8, module version = 1.0.1
[    57.764] 	ABI class: X.Org ANSI C Emulation, version 0.4
[    57.863] (II) modeset(0): glamor X acceleration enabled on Mesa DRI Intel(R) HD Graphics (ILK)
[    57.863] (II) modeset(0): glamor initialized
[    57.863] (II) modeset(0): Output LVDS-1 has no monitor section
[    57.864] (II) modeset(0): Output VGA-1 has no monitor section
[    57.866] (II) modeset(0): Output HDMI-1 has no monitor section
[    57.866] (II) modeset(0): Output DP-1 has no monitor section
[    57.881] (II) modeset(0): EDID for output LVDS-1
[    57.881] (II) modeset(0): Manufacturer: AUO  Model: 23ec  Serial#: 0
[    57.881] (II) modeset(0): Year: 2010  Week: 0
[    57.881] (II) modeset(0): EDID Version: 1.4
[    57.881] (II) modeset(0): Digital Display Input
[    57.881] (II) modeset(0): 6 bits per channel
[    57.881] (II) modeset(0): Digital interface is undefined
[    57.881] (II) modeset(0): Max Image Size [cm]: horiz.: 34  vert.: 19
[    57.881] (II) modeset(0): Gamma: 2.20
[    57.881] (II) modeset(0): No DPMS capabilities specified
[    57.881] (II) modeset(0): Supported color encodings: RGB 4:4:4 
[    57.881] (II) modeset(0): First detailed timing is preferred mode
[    57.881] (II) modeset(0): Preferred mode is native pixel format and refresh rate
[    57.881] (II) modeset(0): redX: 0.620 redY: 0.340   greenX: 0.330 greenY: 0.570
[    57.881] (II) modeset(0): blueX: 0.150 blueY: 0.060   whiteX: 0.313 whiteY: 0.329
[    57.881] (II) modeset(0): Manufacturer's mask: 0
[    57.881] (II) modeset(0): Supported detailed timing:
[    57.881] (II) modeset(0): clock: 69.5 MHz   Image Size:  344 x 193 mm
[    57.881] (II) modeset(0): h_active: 1366  h_sync: 1398  h_sync_end 1422 h_blank_end 1436 h_border: 0
[    57.881] (II) modeset(0): v_active: 768  v_sync: 771  v_sync_end 775 v_blanking: 806 v_border: 0
[    57.881] (II) modeset(0): Supported detailed timing:
[    57.881] (II) modeset(0): clock: 69.5 MHz   Image Size:  344 x 193 mm
[    57.881] (II) modeset(0): h_active: 1366  h_sync: 1398  h_sync_end 1422 h_blank_end 1876 h_border: 0
[    57.881] (II) modeset(0): v_active: 768  v_sync: 771  v_sync_end 775 v_blanking: 926 v_border: 0
[    57.882] (II) modeset(0):  3XJDG€B156XW2
[    57.882] (II) modeset(0): Unknown vendor-specific block 0
[    57.882] (II) modeset(0): EDID (in hex):
[    57.882] (II) modeset(0): 	00ffffffffffff0006afec2300000000
[    57.882] (II) modeset(0): 	001401049022137802c8959e57549226
[    57.882] (II) modeset(0): 	0f505400000001010101010101010101
[    57.882] (II) modeset(0): 	010101010101261b5646500026302018
[    57.882] (II) modeset(0): 	340058c11000001a261b56fe51009e30
[    57.882] (II) modeset(0): 	2018340058c11000001a000000fe0033
[    57.882] (II) modeset(0): 	584a4447804231353658573200000000
[    57.882] (II) modeset(0): 	00004122960111000001010a20200040
[    57.882] (II) modeset(0): Printing probed modes for output LVDS-1
[    57.882] (II) modeset(0): Modeline "1366x768"x60.0   69.50  1366 1398 1422 1436  768 771 775 806 +hsync -vsync (48.4 kHz eP)
[    57.882] (II) modeset(0): Modeline "1366x768"x40.0   69.50  1366 1398 1422 1876  768 771 775 926 +hsync -vsync (37.0 kHz e)
[    57.882] (II) modeset(0): Modeline "1360x768"x59.8   84.75  1360 1432 1568 1776  768 771 781 798 -hsync +vsync (47.7 kHz d)
[    57.882] (II) modeset(0): Modeline "1360x768"x60.0   72.00  1360 1408 1440 1520  768 771 781 790 +hsync -vsync (47.4 kHz d)
[    57.882] (II) modeset(0): Modeline "1280x720"x120.0  156.12  1280 1376 1512 1744  720 721 724 746 doublescan -hsync +vsync (89.5 kHz d)
[    57.882] (II) modeset(0): Modeline "1280x720"x120.0  120.75  1280 1304 1320 1360  720 721 724 740 doublescan +hsync -vsync (88.8 kHz d)
[    57.882] (II) modeset(0): Modeline "1280x720"x59.9   74.50  1280 1344 1472 1664  720 723 728 748 -hsync +vsync (44.8 kHz d)
[    57.882] (II) modeset(0): Modeline "1280x720"x59.7   63.75  1280 1328 1360 1440  720 723 728 741 +hsync -vsync (44.3 kHz d)
[    57.882] (II) modeset(0): Modeline "1024x768"x120.1  133.47  1024 1100 1212 1400  768 768 770 794 doublescan -hsync +vsync (95.3 kHz d)
[    57.882] (II) modeset(0): Modeline "1024x768"x60.0   65.00  1024 1048 1184 1344  768 771 777 806 -hsync -vsync (48.4 kHz d)
[    57.882] (II) modeset(0): Modeline "960x720"x120.0  117.00  960 1024 1128 1300  720 720 722 750 doublescan -hsync +vsync (90.0 kHz d)
[    57.882] (II) modeset(0): Modeline "928x696"x120.1  109.15  928 976 1088 1264  696 696 698 719 doublescan -hsync +vsync (86.4 kHz d)
[    57.882] (II) modeset(0): Modeline "896x672"x120.0  102.40  896 960 1060 1224  672 672 674 697 doublescan -hsync +vsync (83.7 kHz d)
[    57.882] (II) modeset(0): Modeline "1024x576"x119.9   98.50  1024 1092 1200 1376  576 577 580 597 doublescan -hsync +vsync (71.6 kHz d)
[    57.882] (II) modeset(0): Modeline "1024x576"x119.9   78.38  1024 1048 1064 1104  576 577 580 592 doublescan +hsync -vsync (71.0 kHz d)
[    57.882] (II) modeset(0): Modeline "1024x576"x59.9   46.50  1024 1064 1160 1296  576 579 584 599 -hsync +vsync (35.9 kHz d)
[    57.882] (II) modeset(0): Modeline "1024x576"x59.8   42.00  1024 1072 1104 1184  576 579 584 593 +hsync -vsync (35.5 kHz d)
[    57.883] (II) modeset(0): Modeline "960x600"x119.9   96.62  960 1028 1128 1296  600 601 604 622 doublescan -hsync +vsync (74.6 kHz d)
[    57.883] (II) modeset(0): Modeline "960x600"x120.0   77.00  960 984 1000 1040  600 601 604 617 doublescan +hsync -vsync (74.0 kHz d)
[    57.883] (II) modeset(0): Modeline "960x540"x119.9   86.50  960 1024 1124 1288  540 541 544 560 doublescan -hsync +vsync (67.2 kHz d)
[    57.883] (II) modeset(0): Modeline "960x540"x120.0   69.25  960 984 1000 1040  540 541 544 555 doublescan +hsync -vsync (66.6 kHz d)
[    57.883] (II) modeset(0): Modeline "960x540"x59.6   40.75  960 992 1088 1216  540 543 548 562 -hsync +vsync (33.5 kHz d)
[    57.883] (II) modeset(0): Modeline "960x540"x59.8   37.25  960 1008 1040 1120  540 543 548 556 +hsync -vsync (33.3 kHz d)
[    57.883] (II) modeset(0): Modeline "800x600"x120.0   81.00  800 832 928 1080  600 600 602 625 doublescan +hsync +vsync (75.0 kHz d)
[    57.883] (II) modeset(0): Modeline "800x600"x60.3   40.00  800 840 968 1056  600 601 605 628 +hsync +vsync (37.9 kHz d)
[    57.883] (II) modeset(0): Modeline "800x600"x56.2   36.00  800 824 896 1024  600 601 603 625 +hsync +vsync (35.2 kHz d)
[    57.883] (II) modeset(0): Modeline "840x525"x120.0   73.12  840 892 980 1120  525 526 529 544 doublescan -hsync +vsync (65.3 kHz d)
[    57.883] (II) modeset(0): Modeline "840x525"x119.8   59.50  840 864 880 920  525 526 529 540 doublescan +hsync -vsync (64.7 kHz d)
[    57.883] (II) modeset(0): Modeline "864x486"x59.9   32.50  864 888 968 1072  486 489 494 506 -hsync +vsync (30.3 kHz d)
[    57.883] (II) modeset(0): Modeline "864x486"x59.6   30.50  864 912 944 1024  486 489 494 500 +hsync -vsync (29.8 kHz d)
[    57.883] (II) modeset(0): Modeline "800x512"x120.3   51.56  800 800 828 832  512 512 514 515 doublescan +hsync +vsync (62.0 kHz d)
[    57.883] (II) modeset(0): Modeline "700x525"x120.0   61.00  700 744 820 940  525 526 532 541 doublescan +hsync +vsync (64.9 kHz d)
[    57.883] (II) modeset(0): Modeline "800x450"x119.9   59.12  800 848 928 1056  450 451 454 467 doublescan -hsync +vsync (56.0 kHz d)
[    57.883] (II) modeset(0): Modeline "800x450"x119.6   48.75  800 824 840 880  450 451 454 463 doublescan +hsync -vsync (55.4 kHz d)
[    57.883] (II) modeset(0): Modeline "640x512"x120.0   54.00  640 664 720 844  512 512 514 533 doublescan +hsync +vsync (64.0 kHz d)
[    57.883] (II) modeset(0): Modeline "720x450"x119.8   53.25  720 760 836 952  450 451 454 467 doublescan -hsync +vsync (55.9 kHz d)
[    57.883] (II) modeset(0): Modeline "700x450"x119.9   51.75  700 740 812 924  450 451 456 467 doublescan -hsync +vsync (56.0 kHz d)
[    57.883] (II) modeset(0): Modeline "700x450"x119.8   43.25  700 724 740 780  450 451 456 463 doublescan +hsync -vsync (55.4 kHz d)
[    57.883] (II) modeset(0): Modeline "640x480"x120.0   54.00  640 688 744 900  480 480 482 500 doublescan +hsync +vsync (60.0 kHz d)
[    57.883] (II) modeset(0): Modeline "640x480"x59.9   25.18  640 656 752 800  480 490 492 525 -hsync -vsync (31.5 kHz d)
[    57.883] (II) modeset(0): Modeline "720x405"x59.5   22.50  720 744 808 896  405 408 413 422 -hsync +vsync (25.1 kHz d)
[    57.883] (II) modeset(0): Modeline "720x405"x59.0   21.75  720 768 800 880  405 408 413 419 +hsync -vsync (24.7 kHz d)
[    57.883] (II) modeset(0): Modeline "684x384"x119.8   42.62  684 720 788 892  384 385 390 399 doublescan -hsync +vsync (47.8 kHz d)
[    57.883] (II) modeset(0): Modeline "684x384"x119.7   36.12  684 708 724 764  384 385 390 395 doublescan +hsync -vsync (47.3 kHz d)
[    57.883] (II) modeset(0): Modeline "680x384"x119.6   42.38  680 716 784 888  384 385 390 399 doublescan -hsync +vsync (47.7 kHz d)
[    57.883] (II) modeset(0): Modeline "680x384"x119.9   36.00  680 704 720 760  384 385 390 395 doublescan +hsync -vsync (47.4 kHz d)
[    57.883] (II) modeset(0): Modeline "640x400"x119.8   41.75  640 676 740 840  400 401 404 415 doublescan -hsync +vsync (49.7 kHz d)
[    57.883] (II) modeset(0): Modeline "640x400"x120.0   35.50  640 664 680 720  400 401 404 411 doublescan +hsync -vsync (49.3 kHz d)
[    57.883] (II) modeset(0): Modeline "576x432"x120.1   40.81  576 608 668 760  432 432 434 447 doublescan -hsync +vsync (53.7 kHz d)
[    57.883] (II) modeset(0): Modeline "640x360"x119.7   37.25  640 672 736 832  360 361 364 374 doublescan -hsync +vsync (44.8 kHz d)
[    57.883] (II) modeset(0): Modeline "640x360"x119.7   31.88  640 664 680 720  360 361 364 370 doublescan +hsync -vsync (44.3 kHz d)
[    57.883] (II) modeset(0): Modeline "640x360"x59.8   18.00  640 664 720 800  360 363 368 376 -hsync +vsync (22.5 kHz d)
[    57.883] (II) modeset(0): Modeline "640x360"x59.3   17.75  640 688 720 800  360 363 368 374 +hsync -vsync (22.2 kHz d)
[    57.883] (II) modeset(0): Modeline "512x384"x120.0   32.50  512 524 592 672  384 385 388 403 doublescan -hsync -vsync (48.4 kHz d)
[    57.883] (II) modeset(0): Modeline "512x288"x120.0   23.25  512 532 580 648  288 289 292 299 doublescan -hsync +vsync (35.9 kHz d)
[    57.883] (II) modeset(0): Modeline "512x288"x119.8   21.00  512 536 552 592  288 289 292 296 doublescan +hsync -vsync (35.5 kHz d)
[    57.883] (II) modeset(0): Modeline "480x270"x119.3   20.38  480 496 544 608  270 271 274 281 doublescan -hsync +vsync (33.5 kHz d)
[    57.883] (II) modeset(0): Modeline "480x270"x119.6   18.62  480 504 520 560  270 271 274 278 doublescan +hsync -vsync (33.3 kHz d)
[    57.883] (II) modeset(0): Modeline "400x300"x120.6   20.00  400 420 484 528  300 300 302 314 doublescan +hsync +vsync (37.9 kHz d)
[    57.883] (II) modeset(0): Modeline "400x300"x112.7   18.00  400 412 448 512  300 300 301 312 doublescan +hsync +vsync (35.2 kHz d)
[    57.883] (II) modeset(0): Modeline "432x243"x119.8   16.25  432 444 484 536  243 244 247 253 doublescan -hsync +vsync (30.3 kHz d)
[    57.883] (II) modeset(0): Modeline "432x243"x119.1   15.25  432 456 472 512  243 244 247 250 doublescan +hsync -vsync (29.8 kHz d)
[    57.883] (II) modeset(0): Modeline "320x240"x120.1   12.59  320 328 376 400  240 245 246 262 doublescan -hsync -vsync (31.5 kHz d)
[    57.883] (II) modeset(0): Modeline "360x202"x119.0   11.25  360 372 404 448  202 204 206 211 doublescan -hsync +vsync (25.1 kHz d)
[    57.883] (II) modeset(0): Modeline "360x202"x118.3   10.88  360 384 400 440  202 204 206 209 doublescan +hsync -vsync (24.7 kHz d)
[    57.883] (II) modeset(0): Modeline "320x180"x119.7    9.00  320 332 360 400  180 181 184 188 doublescan -hsync +vsync (22.5 kHz d)
[    57.884] (II) modeset(0): Modeline "320x180"x118.6    8.88  320 344 360 400  180 181 184 187 doublescan +hsync -vsync (22.2 kHz d)
[    57.885] (II) modeset(0): EDID for output VGA-1
[    57.886] (II) modeset(0): EDID for output HDMI-1
[    57.886] (II) modeset(0): EDID for output DP-1
[    57.886] (II) modeset(0): Output LVDS-1 connected
[    57.886] (II) modeset(0): Output VGA-1 disconnected
[    57.886] (II) modeset(0): Output HDMI-1 disconnected
[    57.886] (II) modeset(0): Output DP-1 disconnected
[    57.886] (II) modeset(0): Using exact sizes for initial modes
[    57.886] (II) modeset(0): Output LVDS-1 using initial mode 1366x768 +0+0
[    57.886] (==) modeset(0): Using gamma correction (1.0, 1.0, 1.0)
[    57.886] (==) modeset(0): DPI set to (96, 96)
[    57.886] (II) Loading sub module "fb"
[    57.886] (II) LoadModule: "fb"
[    57.886] (II) Loading /usr/lib/xorg/modules/libfb.so
[    58.051] (II) Module fb: vendor="X.Org Foundation"
[    58.051] 	compiled for 1.20.8, module version = 1.0.0
[    58.051] 	ABI class: X.Org ANSI C Emulation, version 0.4
[    58.051] (II) UnloadModule: "fbdev"
[    58.051] (II) Unloading fbdev
[    58.051] (II) UnloadSubModule: "fbdevhw"
[    58.051] (II) Unloading fbdevhw
[    58.051] (II) UnloadModule: "vesa"
[    58.051] (II) Unloading vesa
[    58.583] (==) modeset(0): Backing store enabled
[    58.583] (==) modeset(0): Silken mouse enabled
[    58.767] (II) modeset(0): Initializing kms color map for depth 24, 8 bpc.
[    58.767] (==) modeset(0): DPMS enabled
[    58.767] (II) modeset(0): [DRI2] Setup complete
[    58.767] (II) modeset(0): [DRI2]   DRI driver: i965
[    58.767] (II) modeset(0): [DRI2]   VDPAU driver: va_gl
[    58.767] (II) Initializing extension Generic Event Extension
[    58.768] (II) Initializing extension SHAPE
[    58.768] (II) Initializing extension MIT-SHM
[    58.768] (II) Initializing extension XInputExtension
[    58.782] (II) Initializing extension XTEST
[    58.782] (II) Initializing extension BIG-REQUESTS
[    58.782] (II) Initializing extension SYNC
[    58.782] (II) Initializing extension XKEYBOARD
[    58.782] (II) Initializing extension XC-MISC
[    58.782] (II) Initializing extension SECURITY
[    58.782] (II) Initializing extension XFIXES
[    58.783] (II) Initializing extension RENDER
[    58.783] (II) Initializing extension RANDR
[    58.783] (II) Initializing extension COMPOSITE
[    58.783] (II) Initializing extension DAMAGE
[    58.783] (II) Initializing extension MIT-SCREEN-SAVER
[    58.784] (II) Initializing extension DOUBLE-BUFFER
[    58.784] (II) Initializing extension RECORD
[    58.784] (II) Initializing extension DPMS
[    58.784] (II) Initializing extension Present
[    58.784] (II) Initializing extension DRI3
[    58.784] (II) Initializing extension X-Resource
[    58.784] (II) Initializing extension XVideo
[    58.785] (II) Initializing extension XVideo-MotionCompensation
[    58.785] (II) Initializing extension SELinux
[    58.785] (II) SELinux: Disabled on system
[    58.785] (II) Initializing extension GLX
[    58.850] (II) AIGLX: Loaded and initialized i965
[    58.850] (II) GLX: Initialized DRI2 GL provider for screen 0
[    58.850] (II) Initializing extension XFree86-VidModeExtension
[    58.850] (II) Initializing extension XFree86-DGA
[    58.850] (II) Initializing extension XFree86-DRI
[    58.850] (II) Initializing extension DRI2
[    58.852] (II) modeset(0): Damage tracking initialized
[    58.852] (II) modeset(0): Setting screen physical size to 361 x 203
[    59.450] (II) config/udev: Adding input device Power Button (/dev/input/event3)
[    59.450] (**) Power Button: Applying InputClass "libinput keyboard catchall"
[    59.450] (II) LoadModule: "libinput"
[    59.450] (II) Loading /usr/lib/xorg/modules/input/libinput_drv.so
[    59.494] (II) Module libinput: vendor="X.Org Foundation"
[    59.494] 	compiled for 1.20.4, module version = 0.29.0
[    59.494] 	Module class: X.Org XInput Driver
[    59.494] 	ABI class: X.Org XInput driver, version 24.1
[    59.494] (II) Using input driver 'libinput' for 'Power Button'
[    59.495] (II) systemd-logind: got fd for /dev/input/event3 13:67 fd 22 paused 0
[    59.495] (**) Power Button: always reports core events
[    59.495] (**) Option "Device" "/dev/input/event3"
[    59.495] (**) Option "_source" "server/udev"
[    59.498] (II) event3  - Power Button: is tagged by udev as: Keyboard
[    59.498] (II) event3  - Power Button: device is a keyboard
[    59.498] (II) event3  - Power Button: device removed
[    59.499] (**) Option "config_info" "udev:/sys/devices/LNXSYSTM:00/LNXPWRBN:00/input/input3/event3"
[    59.499] (II) XINPUT: Adding extended input device "Power Button" (type: KEYBOARD, id 6)
[    59.499] (**) Option "xkb_model" "pc105"
[    59.499] (**) Option "xkb_layout" "us"
[    59.500] (II) event3  - Power Button: is tagged by udev as: Keyboard
[    59.500] (II) event3  - Power Button: device is a keyboard
[    59.501] (II) config/udev: Adding input device Video Bus (/dev/input/event8)
[    59.501] (**) Video Bus: Applying InputClass "libinput keyboard catchall"
[    59.501] (II) Using input driver 'libinput' for 'Video Bus'
[    59.504] (II) systemd-logind: got fd for /dev/input/event8 13:72 fd 25 paused 0
[    59.504] (**) Video Bus: always reports core events
[    59.504] (**) Option "Device" "/dev/input/event8"
[    59.504] (**) Option "_source" "server/udev"
[    59.505] (II) event8  - Video Bus: is tagged by udev as: Keyboard
[    59.506] (II) event8  - Video Bus: device is a keyboard
[    59.506] (II) event8  - Video Bus: device removed
[    59.506] (**) Option "config_info" "udev:/sys/devices/LNXSYSTM:00/LNXSYBUS:00/PNP0A08:00/LNXVIDEO:00/input/input9/event8"
[    59.506] (II) XINPUT: Adding extended input device "Video Bus" (type: KEYBOARD, id 7)
[    59.506] (**) Option "xkb_model" "pc105"
[    59.506] (**) Option "xkb_layout" "us"
[    59.508] (II) event8  - Video Bus: is tagged by udev as: Keyboard
[    59.508] (II) event8  - Video Bus: device is a keyboard
[    59.509] (II) config/udev: Adding input device Power Button (/dev/input/event0)
[    59.509] (**) Power Button: Applying InputClass "libinput keyboard catchall"
[    59.509] (II) Using input driver 'libinput' for 'Power Button'
[    59.513] (II) systemd-logind: got fd for /dev/input/event0 13:64 fd 26 paused 0
[    59.513] (**) Power Button: always reports core events
[    59.513] (**) Option "Device" "/dev/input/event0"
[    59.513] (**) Option "_source" "server/udev"
[    59.515] (II) event0  - Power Button: is tagged by udev as: Keyboard
[    59.515] (II) event0  - Power Button: device is a keyboard
[    59.515] (II) event0  - Power Button: device removed
[    59.515] (**) Option "config_info" "udev:/sys/devices/LNXSYSTM:00/LNXSYBUS:00/PNP0C0C:00/input/input0/event0"
[    59.515] (II) XINPUT: Adding extended input device "Power Button" (type: KEYBOARD, id 8)
[    59.515] (**) Option "xkb_model" "pc105"
[    59.515] (**) Option "xkb_layout" "us"
[    59.516] (II) event0  - Power Button: is tagged by udev as: Keyboard
[    59.517] (II) event0  - Power Button: device is a keyboard
[    59.517] (II) config/udev: Adding input device Lid Switch (/dev/input/event1)
[    59.517] (II) No input driver specified, ignoring this device.
[    59.517] (II) This device may have been added with another device file.
[    59.518] (II) config/udev: Adding input device Sleep Button (/dev/input/event2)
[    59.518] (**) Sleep Button: Applying InputClass "libinput keyboard catchall"
[    59.518] (II) Using input driver 'libinput' for 'Sleep Button'
[    59.521] (II) systemd-logind: got fd for /dev/input/event2 13:66 fd 27 paused 0
[    59.521] (**) Sleep Button: always reports core events
[    59.521] (**) Option "Device" "/dev/input/event2"
[    59.521] (**) Option "_source" "server/udev"
[    59.523] (II) event2  - Sleep Button: is tagged by udev as: Keyboard
[    59.523] (II) event2  - Sleep Button: device is a keyboard
[    59.523] (II) event2  - Sleep Button: device removed
[    59.523] (**) Option "config_info" "udev:/sys/devices/LNXSYSTM:00/LNXSYBUS:00/PNP0C0E:01/input/input2/event2"
[    59.523] (II) XINPUT: Adding extended input device "Sleep Button" (type: KEYBOARD, id 9)
[    59.523] (**) Option "xkb_model" "pc105"
[    59.523] (**) Option "xkb_layout" "us"
[    59.525] (II) event2  - Sleep Button: is tagged by udev as: Keyboard
[    59.525] (II) event2  - Sleep Button: device is a keyboard
[    59.527] (II) config/udev: Adding input device Integrated Webcam: Integrated W (/dev/input/event9)
[    59.527] (**) Integrated Webcam: Integrated W: Applying InputClass "libinput keyboard catchall"
[    59.527] (II) Using input driver 'libinput' for 'Integrated Webcam: Integrated W'
[    59.532] (II) systemd-logind: got fd for /dev/input/event9 13:73 fd 28 paused 0
[    59.532] (**) Integrated Webcam: Integrated W: always reports core events
[    59.532] (**) Option "Device" "/dev/input/event9"
[    59.532] (**) Option "_source" "server/udev"
[    59.534] (II) event9  - Integrated Webcam: Integrated W: is tagged by udev as: Keyboard
[    59.534] (II) event9  - Integrated Webcam: Integrated W: device is a keyboard
[    59.534] (II) event9  - Integrated Webcam: Integrated W: device removed
[    59.534] (**) Option "config_info" "udev:/sys/devices/pci0000:00/0000:00:1a.0/usb1/1-1/1-1.4/1-1.4:1.0/input/input12/event9"
[    59.534] (II) XINPUT: Adding extended input device "Integrated Webcam: Integrated W" (type: KEYBOARD, id 10)
[    59.534] (**) Option "xkb_model" "pc105"
[    59.534] (**) Option "xkb_layout" "us"
[    59.536] (II) event9  - Integrated Webcam: Integrated W: is tagged by udev as: Keyboard
[    59.536] (II) event9  - Integrated Webcam: Integrated W: device is a keyboard
[    59.537] (II) config/udev: Adding input device HDA Intel MID Mic (/dev/input/event10)
[    59.537] (II) No input driver specified, ignoring this device.
[    59.537] (II) This device may have been added with another device file.
[    59.538] (II) config/udev: Adding input device HDA Intel MID Headphone (/dev/input/event11)
[    59.539] (II) No input driver specified, ignoring this device.
[    59.539] (II) This device may have been added with another device file.
[    59.539] (II) config/udev: Adding input device HDA Intel MID HDMI/DP,pcm=3 (/dev/input/event12)
[    59.539] (II) No input driver specified, ignoring this device.
[    59.539] (II) This device may have been added with another device file.
[    59.541] (II) config/udev: Adding input device USB Optical Mouse (/dev/input/event5)
[    59.541] (**) USB Optical Mouse: Applying InputClass "libinput pointer catchall"
[    59.541] (II) Using input driver 'libinput' for 'USB Optical Mouse'
[    59.599] (II) systemd-logind: got fd for /dev/input/event5 13:69 fd 29 paused 0
[    59.599] (**) USB Optical Mouse: always reports core events
[    59.599] (**) Option "Device" "/dev/input/event5"
[    59.599] (**) Option "_source" "server/udev"
[    59.601] (II) event5  - USB Optical Mouse: is tagged by udev as: Mouse
[    59.601] (II) event5  - USB Optical Mouse: device set to 400 DPI
[    59.601] (II) event5  - USB Optical Mouse: device is a pointer
[    59.602] (II) event5  - USB Optical Mouse: device removed
[    59.602] (**) Option "config_info" "udev:/sys/devices/pci0000:00/0000:00:1d.0/usb2/2-1/2-1.3/2-1.3:1.0/0003:04B3:310C.0001/input/input7/event5"
[    59.602] (II) XINPUT: Adding extended input device "USB Optical Mouse" (type: MOUSE, id 11)
[    59.602] (**) Option "AccelerationScheme" "none"
[    59.602] (**) USB Optical Mouse: (accel) selected scheme none/0
[    59.602] (**) USB Optical Mouse: (accel) acceleration factor: 2.000
[    59.602] (**) USB Optical Mouse: (accel) acceleration threshold: 4
[    59.604] (II) event5  - USB Optical Mouse: is tagged by udev as: Mouse
[    59.605] (II) event5  - USB Optical Mouse: device set to 400 DPI
[    59.605] (II) event5  - USB Optical Mouse: device is a pointer
[    59.606] (II) config/udev: Adding input device USB Optical Mouse (/dev/input/mouse0)
[    59.606] (II) No input driver specified, ignoring this device.
[    59.606] (II) This device may have been added with another device file.
[    59.607] (II) config/udev: Adding input device Dell WMI hotkeys (/dev/input/event7)
[    59.607] (**) Dell WMI hotkeys: Applying InputClass "libinput keyboard catchall"
[    59.607] (II) Using input driver 'libinput' for 'Dell WMI hotkeys'
[    59.609] (II) systemd-logind: got fd for /dev/input/event7 13:71 fd 30 paused 0
[    59.609] (**) Dell WMI hotkeys: always reports core events
[    59.609] (**) Option "Device" "/dev/input/event7"
[    59.609] (**) Option "_source" "server/udev"
[    59.618] (II) event7  - Dell WMI hotkeys: is tagged by udev as: Keyboard
[    59.618] (II) event7  - Dell WMI hotkeys: device is a keyboard
[    59.619] (II) event7  - Dell WMI hotkeys: device removed
[    59.619] (**) Option "config_info" "udev:/sys/devices/platform/PNP0C14:00/wmi_bus/wmi_bus-PNP0C14:00/9DBB5994-A997-11DA-B012-B622A1EF5492/input/input8/event7"
[    59.620] (II) XINPUT: Adding extended input device "Dell WMI hotkeys" (type: KEYBOARD, id 12)
[    59.620] (**) Option "xkb_model" "pc105"
[    59.620] (**) Option "xkb_layout" "us"
[    59.623] (II) event7  - Dell WMI hotkeys: is tagged by udev as: Keyboard
[    59.624] (II) event7  - Dell WMI hotkeys: device is a keyboard
[    59.625] (II) config/udev: Adding input device AT Translated Set 2 keyboard (/dev/input/event4)
[    59.626] (**) AT Translated Set 2 keyboard: Applying InputClass "libinput keyboard catchall"
[    59.626] (II) Using input driver 'libinput' for 'AT Translated Set 2 keyboard'
[    59.629] (II) systemd-logind: got fd for /dev/input/event4 13:68 fd 31 paused 0
[    59.629] (**) AT Translated Set 2 keyboard: always reports core events
[    59.629] (**) Option "Device" "/dev/input/event4"
[    59.630] (**) Option "_source" "server/udev"
[    59.633] (II) event4  - AT Translated Set 2 keyboard: is tagged by udev as: Keyboard
[    59.633] (II) event4  - AT Translated Set 2 keyboard: device is a keyboard
[    59.635] (II) event4  - AT Translated Set 2 keyboard: device removed
[    59.635] (**) Option "config_info" "udev:/sys/devices/platform/i8042/serio0/input/input4/event4"
[    59.636] (II) XINPUT: Adding extended input device "AT Translated Set 2 keyboard" (type: KEYBOARD, id 13)
[    59.636] (**) Option "xkb_model" "pc105"
[    59.636] (**) Option "xkb_layout" "us"
[    59.645] (II) event4  - AT Translated Set 2 keyboard: is tagged by udev as: Keyboard
[    59.647] (II) event4  - AT Translated Set 2 keyboard: device is a keyboard
[    59.649] (II) config/udev: Adding input device AlpsPS/2 ALPS GlidePoint (/dev/input/event6)
[    59.650] (**) AlpsPS/2 ALPS GlidePoint: Applying InputClass "libinput touchpad catchall"
[    59.650] (II) Using input driver 'libinput' for 'AlpsPS/2 ALPS GlidePoint'
[    59.657] (II) systemd-logind: got fd for /dev/input/event6 13:70 fd 32 paused 0
[    59.657] (**) AlpsPS/2 ALPS GlidePoint: always reports core events
[    59.657] (**) Option "Device" "/dev/input/event6"
[    59.657] (**) Option "_source" "server/udev"
[    59.659] (II) event6  - AlpsPS/2 ALPS GlidePoint: is tagged by udev as: Touchpad
[    59.660] (II) event6  - AlpsPS/2 ALPS GlidePoint: no resolution or size hints, assuming a size of 69x50mm
[    59.662] (II) event6  - AlpsPS/2 ALPS GlidePoint: device is a touchpad
[    59.662] (II) event6  - AlpsPS/2 ALPS GlidePoint: device removed
[    59.663] (**) Option "config_info" "udev:/sys/devices/platform/i8042/serio1/input/input6/event6"
[    59.663] (II) XINPUT: Adding extended input device "AlpsPS/2 ALPS GlidePoint" (type: TOUCHPAD, id 14)
[    59.663] (**) Option "AccelerationScheme" "none"
[    59.663] (**) AlpsPS/2 ALPS GlidePoint: (accel) selected scheme none/0
[    59.663] (**) AlpsPS/2 ALPS GlidePoint: (accel) acceleration factor: 2.000
[    59.663] (**) AlpsPS/2 ALPS GlidePoint: (accel) acceleration threshold: 4
[    59.665] (II) event6  - AlpsPS/2 ALPS GlidePoint: is tagged by udev as: Touchpad
[    59.665] (II) event6  - AlpsPS/2 ALPS GlidePoint: no resolution or size hints, assuming a size of 69x50mm
[    59.666] (II) event6  - AlpsPS/2 ALPS GlidePoint: device is a touchpad
[    59.667] (II) config/udev: Adding input device AlpsPS/2 ALPS GlidePoint (/dev/input/mouse1)
[    59.667] (II) No input driver specified, ignoring this device.
[    59.667] (II) This device may have been added with another device file.
[    63.925] (II) modeset(0): EDID vendor "AUO", prod id 9196
[    63.925] (II) modeset(0): Printing DDC gathered Modelines:
[    63.925] (II) modeset(0): Modeline "1366x768"x0.0   69.50  1366 1398 1422 1436  768 771 775 806 +hsync -vsync (48.4 kHz eP)
[    63.925] (II) modeset(0): Modeline "1366x768"x0.0   69.50  1366 1398 1422 1876  768 771 775 926 +hsync -vsync (37.0 kHz e)
[    63.950] (II) modeset(0): EDID vendor "AUO", prod id 9196
[    63.950] (II) modeset(0): Printing DDC gathered Modelines:
[    63.950] (II) modeset(0): Modeline "1366x768"x0.0   69.50  1366 1398 1422 1436  768 771 775 806 +hsync -vsync (48.4 kHz eP)
[    63.950] (II) modeset(0): Modeline "1366x768"x0.0   69.50  1366 1398 1422 1876  768 771 775 926 +hsync -vsync (37.0 kHz e)
[  1001.124] (II) modeset(0): EDID vendor "AUO", prod id 9196
[  1001.124] (II) modeset(0): Printing DDC gathered Modelines:
[  1001.124] (II) modeset(0): Modeline "1366x768"x0.0   69.50  1366 1398 1422 1436  768 771 775 806 +hsync -vsync (48.4 kHz eP)
[  1001.124] (II) modeset(0): Modeline "1366x768"x0.0   69.50  1366 1398 1422 1876  768 771 775 926 +hsync -vsync (37.0 kHz e)
[  1001.136] (II) modeset(0): EDID vendor "AUO", prod id 9196
[  1001.136] (II) modeset(0): Printing DDC gathered Modelines:
[  1001.136] (II) modeset(0): Modeline "1366x768"x0.0   69.50  1366 1398 1422 1436  768 771 775 806 +hsync -vsync (48.4 kHz eP)
[  1001.136] (II) modeset(0): Modeline "1366x768"x0.0   69.50  1366 1398 1422 1876  768 771 775 926 +hsync -vsync (37.0 kHz e)
[  5950.684] (II) config/udev: removing device USB Optical Mouse
[  5950.684] (**) Option "fd" "29"
[  5950.684] (II) event5  - USB Optical Mouse: device removed
[  5950.687] (II) UnloadModule: "libinput"
[  5950.687] (II) systemd-logind: releasing fd for 13:69
[  5963.835] (II) config/udev: Adding input device USB Optical Mouse (/dev/input/mouse0)
[  5963.835] (II) No input driver specified, ignoring this device.
[  5963.835] (II) This device may have been added with another device file.
[  5963.951] (II) config/udev: Adding input device USB Optical Mouse (/dev/input/event5)
[  5963.951] (**) USB Optical Mouse: Applying InputClass "libinput pointer catchall"
[  5963.951] (II) Using input driver 'libinput' for 'USB Optical Mouse'
[  5964.011] (II) systemd-logind: got fd for /dev/input/event5 13:69 fd 68 paused 0
[  5964.011] (**) USB Optical Mouse: always reports core events
[  5964.011] (**) Option "Device" "/dev/input/event5"
[  5964.011] (**) Option "_source" "server/udev"
[  5964.017] (II) event5  - USB Optical Mouse: is tagged by udev as: Mouse
[  5964.017] (II) event5  - USB Optical Mouse: device set to 400 DPI
[  5964.017] (II) event5  - USB Optical Mouse: device is a pointer
[  5964.018] (II) event5  - USB Optical Mouse: device removed
[  5964.018] (**) Option "config_info" "udev:/sys/devices/pci0000:00/0000:00:1d.0/usb2/2-1/2-1.3/2-1.3:1.0/0003:04B3:310C.0002/input/input14/event5"
[  5964.018] (II) XINPUT: Adding extended input device "USB Optical Mouse" (type: MOUSE, id 11)
[  5964.021] (**) Option "AccelerationScheme" "none"
[  5964.024] (**) USB Optical Mouse: (accel) selected scheme none/0
[  5964.024] (**) USB Optical Mouse: (accel) acceleration factor: 2.000
[  5964.024] (**) USB Optical Mouse: (accel) acceleration threshold: 4
[  5964.027] (II) event5  - USB Optical Mouse: is tagged by udev as: Mouse
[  5964.027] (II) event5  - USB Optical Mouse: device set to 400 DPI
[  5964.027] (II) event5  - USB Optical Mouse: device is a pointer
